TN:
SF:C:\Users\lisha\Documents\developer\interviewCodingChallenges\conferenceTrackingManagement_practice\index.js
FN:52,(anonymous_0)
FN:59,(anonymous_1)
FN:60,(anonymous_2)
FNF:3
FNH:3
FNDA:19,(anonymous_0)
FNDA:1,(anonymous_1)
FNDA:19,(anonymous_2)
DA:46,1
DA:47,1
DA:49,1
DA:53,19
DA:59,1
DA:60,1
DA:61,19
DA:62,19
DA:63,4
DA:65,19
DA:66,19
DA:70,1
DA:71,1
DA:73,1
DA:75,1
LF:15
LH:15
BRDA:62,0,0,4
BRDA:62,0,1,15
BRF:2
BRH:2
end_of_record
TN:
SF:C:\Users\lisha\Documents\developer\interviewCodingChallenges\conferenceTrackingManagement_practice\common\checkLightningTalk.js
FN:4,checkDuration
FNF:1
FNH:1
FNDA:19,checkDuration
DA:1,1
DA:2,1
DA:5,19
DA:6,19
DA:9,19
DA:13,19
DA:16,1
LF:7
LH:7
BRDA:9,0,0,1
BRDA:9,0,1,18
BRF:2
BRH:2
end_of_record
TN:
SF:C:\Users\lisha\Documents\developer\interviewCodingChallenges\conferenceTrackingManagement_practice\components\Conference\Conference.js
FN:2,(anonymous_0)
FNF:1
FNH:1
FNDA:1,(anonymous_0)
DA:3,1
DA:4,1
DA:8,2
LF:3
LH:3
BRF:0
BRH:0
end_of_record
TN:
SF:C:\Users\lisha\Documents\developer\interviewCodingChallenges\conferenceTrackingManagement_practice\components\ScheduleForADay\ScheduleForADay.js
FN:9,(anonymous_0)
FN:12,(anonymous_1)
FN:22,(anonymous_2)
FN:39,(anonymous_3)
FN:43,(anonymous_4)
FN:47,(anonymous_5)
FN:54,(anonymous_6)
FN:55,(anonymous_7)
FNF:8
FNH:8
FNDA:2,(anonymous_0)
FNDA:2,(anonymous_1)
FNDA:4,(anonymous_2)
FNDA:2,(anonymous_3)
FNDA:2,(anonymous_4)
FNDA:2,(anonymous_5)
FNDA:1,(anonymous_6)
FNDA:10,(anonymous_7)
DA:1,1
DA:2,1
DA:3,1
DA:4,1
DA:6,1
DA:10,2
DA:12,2
DA:13,2
DA:14,2
DA:15,2
DA:16,2
DA:18,2
DA:20,2
DA:22,2
DA:23,4
DA:26,2
DA:31,2
DA:36,2
DA:40,2
DA:44,2
DA:48,2
DA:49,2
DA:50,2
DA:51,2
DA:55,1
DA:56,10
DA:57,10
DA:58,10
DA:59,10
DA:64,1
LF:30
LH:30
BRF:0
BRH:0
end_of_record
TN:
SF:C:\Users\lisha\Documents\developer\interviewCodingChallenges\conferenceTrackingManagement_practice\components\Session\Session.js
FN:2,(anonymous_0)
FN:8,(anonymous_1)
FN:11,(anonymous_2)
FN:13,(anonymous_3)
FN:19,(anonymous_4)
FN:21,(anonymous_5)
FN:25,(anonymous_6)
FNF:7
FNH:5
FNDA:4,(anonymous_0)
FNDA:12,(anonymous_1)
FNDA:16,(anonymous_2)
FNDA:24,(anonymous_3)
FNDA:0,(anonymous_4)
FNDA:0,(anonymous_5)
FNDA:16,(anonymous_6)
DA:3,4
DA:4,4
DA:5,4
DA:6,4
DA:8,12
DA:12,16
DA:14,24
DA:20,0
DA:21,0
DA:26,16
DA:27,0
DA:30,16
DA:31,16
DA:32,0
DA:35,16
DA:36,0
DA:39,16
DA:42,16
DA:44,16
DA:45,12
DA:48,16
DA:52,2
LF:22
LH:17
BRDA:14,0,0,24
BRDA:14,0,1,18
BRDA:26,1,0,0
BRDA:26,1,1,16
BRDA:31,2,0,0
BRDA:31,2,1,16
BRDA:35,3,0,0
BRDA:35,3,1,16
BRDA:44,4,0,12
BRDA:44,4,1,4
BRF:10
BRH:7
end_of_record
TN:
SF:C:\Users\lisha\Documents\developer\interviewCodingChallenges\conferenceTrackingManagement_practice\data\testData.js
FNF:0
FNH:0
DA:1,1
DA:23,1
LF:2
LH:2
BRF:0
BRH:0
end_of_record
